<?xml version="1.0" encoding="UTF-8"?>
<testsuite name="TraderTest" tests="3" skipped="0" failures="0" errors="0" timestamp="2023-06-11T21:36:12" hostname="Jaspreets-MBP.ht.home" time="0.009">
  <properties/>
  <testcase name="TestEmptyConstructor" classname="TraderTest" time="0.005"/>
  <testcase name="TestAddToWishlist" classname="TraderTest" time="0.002"/>
  <testcase name="TestGetSellingPrice" classname="TraderTest" time="0.001"/>
  <system-out><![CDATA[]]></system-out>
  <system-err><![CDATA[]]></system-err>
</testsuite>
