<?xml version="1.0" encoding="UTF-8"?>
<testsuite name="DrivableMapTest" tests="3" skipped="0" failures="0" errors="0" timestamp="2023-06-11T21:36:12" hostname="Jaspreets-MBP.ht.home" time="0.013">
  <properties/>
  <testcase name="testGetTradable" classname="DrivableMapTest" time="0.01"/>
  <testcase name="testHasFasterThan" classname="DrivableMapTest" time="0.003"/>
  <testcase name="testAddDrivable" classname="DrivableMapTest" time="0.0"/>
  <system-out><![CDATA[]]></system-out>
  <system-err><![CDATA[]]></system-err>
</testsuite>
